<?xml version="1.0" encoding="UTF-8"?>
<testsuite xmlns:xsi="http://www.w3.org/2001/XMLSchema-instance" xsi:noNamespaceSchemaLocation="https://maven.apache.org/surefire/maven-surefire-plugin/xsd/surefire-test-report-3.0.xsd" version="3.0" name="br.lpm.business.PessoaTest" time="0.114" tests="12" errors="0" skipped="0" failures="1">
  <properties>
[...]
</properties>
  <testcase name="testSetEstadoCivil" classname="br.lpm.business.PessoaTest" time="0.032"/>
  <testcase name="testSetNaturalidade" classname="br.lpm.business.PessoaTest" time="0.0"/>
  <testcase name="testSetMoradia" classname="br.lpm.business.PessoaTest" time="0.0"/>
  <testcase name="testSetEscolaridade" classname="br.lpm.business.PessoaTest" time="0.0"/>
  <testcase name="testSetDataNascimento" classname="br.lpm.business.PessoaTest" time="0.0"/>
  <testcase name="testSetAltura" classname="br.lpm.business.PessoaTest" time="0.0"/>
  <testcase name="testSetGenero" classname="br.lpm.business.PessoaTest" time="0.015"/>
  <testcase name="testSetNome" classname="br.lpm.business.PessoaTest" time="0.016">
    <failure message="Atribuição de nome inválido. ==&gt; expected: &lt;Hugo&gt; but was: &lt;Hugo123&gt;" type="org.opentest4j.AssertionFailedError"><![CDATA[org.opentest4j.AssertionFailedError: Atribuição de nome inválido. ==> expected: <Hugo> but was: <Hugo123>
	at org.junit.jupiter.api.AssertionFailureBuilder.build(AssertionFailureBuilder.java:151)
	at org.junit.jupiter.api.AssertionFailureBuilder.buildAndThrow(AssertionFailureBuilder.java:132)
	at org.junit.jupiter.api.AssertEquals.failNotEqual(AssertEquals.java:197)
	at org.junit.jupiter.api.AssertEquals.assertEquals(AssertEquals.java:182)
	at org.junit.jupiter.api.Assertions.assertEquals(Assertions.java:1156)
	at br.lpm.business.PessoaTest.testSetNome(PessoaTest.java:29)
	at java.base/java.lang.reflect.Method.invoke(Method.java:580)
	at java.base/java.util.ArrayList.forEach(ArrayList.java:1596)
	at java.base/java.util.ArrayList.forEach(ArrayList.java:1596)
]]></failure>
  </testcase>
  <testcase name="testSetPeso" classname="br.lpm.business.PessoaTest" time="0.0"/>
  <testcase name="testSetFeliz" classname="br.lpm.business.PessoaTest" time="0.0"/>
  <testcase name="testSetHobby" classname="br.lpm.business.PessoaTest" time="0.0"/>
  <testcase name="testSetRenda" classname="br.lpm.business.PessoaTest" time="0.0"/>
</testsuite>